1532597259800:send-mail
1532598039148:help
1532598159284:echo1
1532598174460:echo1 1 2 3
1532598187581:help
1532598217509:stacktrace
1532598227669:script
1532598235509:stacktrace
1532598368724:echo1
1532598389788:help
1532598394732:say-hi
1532598406869:say-hi 1
1532598414020:Say-Hi
1532598426005:Say-hi 1
1532598435044:echo1
1532598456667:help
1532598529429:echo1 1 2 --boy=3
1532598542326:echo1 --boy 3 21
1532598551535:echo1 --boy 3 2 1
1532598778211:default
1532598782469:help
1532598835108:defaultdefault
1532598838053:default
1532598908716:echo3 1 2 3 4
1532598916541:echo3 123 32 32
1532598977620:echo3 true
1532598988007:stacktrace
1532599002916:echo3
1532599049069:echo3 1 2 e3
1532599155930:echo3
1532599160637:echo3 1 2 3
1532599174990:echo3 true false true
1532599214629:number-range 1
1532599222877:number-range 15
1532599241045:exit
1532599465722:help
1532599491722:run-once
1532599491728:run-again
1532599591053:stacktrace
1532600060402:user
1532600065131:user alex
1532600069651:user list
1532600097074:help
1532600119250:run-once run-again
1532600119256:run again
1532600131347:run-once run-again
1532600135835:run-again
